0 info it worked if it ends with ok
1 verbose cli [ 'C:\\Program Files (x86)\\nodejs\\node.exe',
1 verbose cli   'C:\\Users\\Obaro\\AppData\\Roaming\\npm\\node_modules\\npm\\bin\\npm-cli.js',
1 verbose cli   'start' ]
2 info using npm@3.10.9
3 info using node@v6.8.1
4 verbose run-script [ 'prestart', 'start', 'poststart' ]
5 info lifecycle react-jimo-login-form@0.0.1~prestart: react-jimo-login-form@0.0.1
6 silly lifecycle react-jimo-login-form@0.0.1~prestart: no script for prestart, continuing
7 info lifecycle react-jimo-login-form@0.0.1~start: react-jimo-login-form@0.0.1
8 verbose lifecycle react-jimo-login-form@0.0.1~start: unsafe-perm in lifecycle true
9 verbose lifecycle react-jimo-login-form@0.0.1~start: PATH: C:\Users\Obaro\AppData\Roaming\npm\node_modules\npm\bin\node-gyp-bin;C:\Users\Obaro\Desktop\FirstReactApp\node_modules\.bin;C:\Program Files (x86)\nodejs\;C:\Program Files\Git\bin;C:\Program Files (x86)\Skype\Phone\;C:\Program Files (x86)\Windows Kits\10\Windows Performance Toolkit\;C:\windows\system32\config\systemprofile\.dnx\bin;C:\Program Files\Microsoft DNX\Dnvm\;C:\Program Files\Microsoft SQL Server\130\Tools\Binn\;C:\Program Files (x86)\GtkSharp\2.12\bin;C:\xampp\php;C:\ProgramData\ComposerSetup\bin;C:\Program Files (x86)\CodeBlocks\MinGW\bin;C:\Ruby23\bin;C:\Program Files (x86)\Microchip\mplabc18\v3.47\mpasm;C:\Program Files (x86)\Microchip\mplabc18\v3.47\bin;C:\Users\Obaro\AppData\Roaming\npm;C:\Users\Obaro\AppData\Roaming\Composer\vendor\bin
10 verbose lifecycle react-jimo-login-form@0.0.1~start: CWD: C:\Users\Obaro\Desktop\FirstReactApp
11 silly lifecycle react-jimo-login-form@0.0.1~start: Args: [ '/d /s /c', 'webpack --dev --watch' ]
12 silly lifecycle react-jimo-login-form@0.0.1~start: Returned: code: 3221225786  signal: null
13 info lifecycle react-jimo-login-form@0.0.1~start: Failed to exec start script
14 verbose stack Error: react-jimo-login-form@0.0.1 start: `webpack --dev --watch`
14 verbose stack Exit status 3221225786
14 verbose stack     at EventEmitter.<anonymous> (C:\Users\Obaro\AppData\Roaming\npm\node_modules\npm\lib\utils\lifecycle.js:255:16)
14 verbose stack     at emitTwo (events.js:106:13)
14 verbose stack     at EventEmitter.emit (events.js:191:7)
14 verbose stack     at ChildProcess.<anonymous> (C:\Users\Obaro\AppData\Roaming\npm\node_modules\npm\lib\utils\spawn.js:40:14)
14 verbose stack     at emitTwo (events.js:106:13)
14 verbose stack     at ChildProcess.emit (events.js:191:7)
14 verbose stack     at maybeClose (internal/child_process.js:877:16)
14 verbose stack     at Process.ChildProcess._handle.onexit (internal/child_process.js:226:5)
15 verbose pkgid react-jimo-login-form@0.0.1
16 verbose cwd C:\Users\Obaro\Desktop\FirstReactApp
17 error Windows_NT 6.3.9600
18 error argv "C:\\Program Files (x86)\\nodejs\\node.exe" "C:\\Users\\Obaro\\AppData\\Roaming\\npm\\node_modules\\npm\\bin\\npm-cli.js" "start"
19 error node v6.8.1
20 error npm  v3.10.9
21 error code ELIFECYCLE
22 error react-jimo-login-form@0.0.1 start: `webpack --dev --watch`
22 error Exit status 3221225786
23 error Failed at the react-jimo-login-form@0.0.1 start script 'webpack --dev --watch'.
23 error Make sure you have the latest version of node.js and npm installed.
23 error If you do, this is most likely a problem with the react-jimo-login-form package,
23 error not with npm itself.
23 error Tell the author that this fails on your system:
23 error     webpack --dev --watch
23 error You can get information on how to open an issue for this project with:
23 error     npm bugs react-jimo-login-form
23 error Or if that isn't available, you can get their info via:
23 error     npm owner ls react-jimo-login-form
23 error There is likely additional logging output above.
24 verbose exit [ 1, true ]
